<?xml version="1.0" encoding="UTF-8"?>
<!-- Generated by org.testng.reporters.JUnitReportReporter -->
<testsuite hostname="YOGESH-NAIK" failures="0" tests="2" name="com.example.SwagLabs" time="0.590" errors="0" timestamp="2024-11-03T00:49:42 IST" skipped="0">
  <testcase classname="com.example.SwagLabs" name="performLogin" time="0.507"/>
  <testcase classname="com.example.SwagLabs" name="addToCart" time="0.083"/>
</testsuite> <!-- com.example.SwagLabs -->
