<?xml version="1.0" encoding="UTF-8"?>
<!-- Generated by org.testng.reporters.JUnitReportReporter -->
<testsuite hostname="YOGESH-NAIK" failures="0" tests="6" name="com.example.SwagLabs" time="1.399" errors="0" timestamp="2024-11-03T18:47:12 IST" skipped="0">
  <testcase classname="com.example.SwagLabs" name="performLogin" time="0.616"/>
  <testcase classname="com.example.SwagLabs" name="addToCart" time="0.097"/>
  <testcase classname="com.example.SwagLabs" name="navigateToCart" time="0.099"/>
  <testcase classname="com.example.SwagLabs" name="checkOut" time="0.090"/>
  <testcase classname="com.example.SwagLabs" name="yourInfo" time="0.381"/>
  <testcase classname="com.example.SwagLabs" name="orderDetails" time="0.116"/>
</testsuite> <!-- com.example.SwagLabs -->
