<?xml version="1.0" encoding="UTF-8"?>
<!-- Generated by org.testng.reporters.JUnitReportReporter -->
<testsuite hostname="YOGESH-NAIK" failures="0" tests="2" name="com.example.SwagLabs" time="0.692" errors="0" timestamp="2024-11-02T23:49:50 IST" skipped="0">
  <testcase classname="com.example.SwagLabs" name="performLogin" time="0.584"/>
  <testcase classname="com.example.SwagLabs" name="addToCart" time="0.108"/>
</testsuite> <!-- com.example.SwagLabs -->
