<?xml version="1.0" encoding="UTF-8"?>
<!-- Generated by org.testng.reporters.JUnitReportReporter -->
<testsuite hostname="YOGESH-NAIK" failures="0" tests="1" name="com.example.AppTest" time="0.006" errors="0" timestamp="2024-11-02T18:55:17 IST" skipped="0">
  <testcase classname="com.example.AppTest" name="shouldAnswerWithTrue" time="0.006"/>
</testsuite> <!-- com.example.AppTest -->
